info it worked if it ends with ok
verbose cli [ 'node', '/usr/local/bin/npm', 'install', 'binaryjs' ]
info using npm@1.0.106
info using node@v0.5.11-pre
verbose config file /root/.npmrc
verbose config file /usr/local/etc/npmrc
verbose config file /usr/local/lib/node_modules/npm/npmrc
silly testEngine { name: 'http-auth',
silly testEngine   description: 'Node.js package for HTTP basic and digest access authentication.',
silly testEngine   version: '1.2.7',
silly testEngine   author: { name: 'Gevorg Harutyunyan', url: 'http://github.com/gevorg' },
silly testEngine   maintainers: [ { name: 'gevorg', email: 'gevorg.ha@gmail.com' } ],
silly testEngine   homepage: 'http://github.com/gevorg/http-auth',
silly testEngine   repository: { type: 'git', url: 'git://github.com/gevorg/http-auth.git' },
silly testEngine   main: './lib/http-auth.js',
silly testEngine   licenses: 
silly testEngine    [ { type: 'MIT',
silly testEngine        url: 'http://github.com/gevorg/http-auth/blob/master/LICENSE' } ],
silly testEngine   bugs: { url: 'http://github.com/gevorg/http-auth/issues' },
silly testEngine   dependencies: { 'node-uuid': '1.2.0', htpasswd: '1.1.0', htdigest: '1.0.7' },
silly testEngine   devDependencies: { nodeunit: '0.7.4', nodemock: '0.2.17' },
silly testEngine   engines: { node: '>=0.4.1' },
silly testEngine   scripts: { test: './node_modules/nodeunit/bin/nodeunit tests/*' },
silly testEngine   keywords: 
silly testEngine    [ 'node',
silly testEngine      'http',
silly testEngine      'server',
silly testEngine      'basic',
silly testEngine      'digest',
silly testEngine      'access',
silly testEngine      'authentication' ],
silly testEngine   _id: 'http-auth@1.2.7',
silly testEngine   _engineSupported: true,
silly testEngine   _npmVersion: '1.0.106',
silly testEngine   _nodeVersion: 'v0.5.11-pre',
silly testEngine   _defaultsLoaded: true }
verbose caching /home/sam/node_modules/http-auth/package.json
verbose loadDefaults http-auth@1.2.7
verbose into /home/sam [ 'binaryjs' ]
verbose cache add binaryjs
verbose cache add [ 'binaryjs', null ]
silly cache add: name, spec, args [ undefined, 'binaryjs', [ 'binaryjs', null ] ]
verbose parsed url { pathname: 'binaryjs', path: 'binaryjs', href: 'binaryjs' }
info addNamed [ 'binaryjs', '' ]
verbose addNamed [ null, '' ]
verbose GET binaryjs
verbose raw, before any munging binaryjs
verbose url resolving [ 'https://registry.npmjs.org/', './binaryjs' ]
verbose url resolved https://registry.npmjs.org/binaryjs
verbose etag "11KBE17RSWDPM6SUOXV5006V1"
silly get cb [ 304,
silly get cb   { server: 'CouchDB/1.2.1 (Erlang OTP/R15B)',
silly get cb     etag: '"11KBE17RSWDPM6SUOXV5006V1"',
silly get cb     date: 'Thu, 07 Feb 2013 02:34:30 GMT',
silly get cb     'content-length': '0' } ]
verbose etag binaryjs from cache
ERR! Error: No compatible version found: binaryjs
ERR! No valid targets found.
ERR! Perhaps not compatible with your version of node?
ERR!     at installTargetsError (/usr/local/lib/node_modules/npm/lib/cache.js:424:10)
ERR!     at /usr/local/lib/node_modules/npm/lib/cache.js:406:17
ERR!     at saved (/usr/local/lib/node_modules/npm/lib/utils/npm-registry-client/get.js:136:7)
ERR!     at Object.cb [as oncomplete] (/usr/local/lib/node_modules/npm/node_modules/graceful-fs/graceful-fs.js:36:9)
ERR! Report this *entire* log at:
ERR!     <http://github.com/isaacs/npm/issues>
ERR! or email it to:
ERR!     <npm-@googlegroups.com>
ERR! 
ERR! System Linux 3.5.0-11-generic
ERR! command "node" "/usr/local/bin/npm" "install" "binaryjs"
ERR! cwd /home/sam/Documents/workspace/dscourse_live
ERR! node -v v0.5.11-pre
ERR! npm -v 1.0.106
verbose exit [ 1, true ]
